{
  "task_id": "cf_23137",
  "source_check": {
    "passed": false,
    "error_type": "ASSERT_FAIL",
    "stats": {
      "run": 7,
      "failed": 2
    },
    "log_snippet": "/mut_cp/cf_23137/test_suite.py\", line 43, in test_dataframe_with_nan_values\n    self.assertTrue(np.array_equal(pandas_to_numpy(df), expected_output))\nAssertionError: False is not true\n\n----------------------------------------------------------------------\nRan 7 tests in 0.003s\n\nFAILED (failures=2)\n\n"
  },
  "mutation_stats": {
    "killed": 0,
    "total": 0,
    "score": null
  },
  "mutants": []
}