{
  "task_id": "cf_78005",
  "source_check": {
    "passed": false,
    "error_type": "ASSERT_FAIL",
    "stats": {
      "run": 6,
      "failed": 1
    },
    "log_snippet": " \"/root/autodl-tmp/unitest/mut_cp/cf_78005/test_suite.py\", line 53, in test_negative_people\n    with self.assertRaises(ZeroDivisionError):\nAssertionError: ZeroDivisionError not raised\n\n----------------------------------------------------------------------\nRan 6 tests in 0.000s\n\nFAILED (failures=1)\n\n"
  },
  "mutation_stats": {
    "killed": 0,
    "total": 5,
    "score": null
  },
  "mutants": [
    {
      "id": "m_2",
      "status": "SKIPPED_SOURCE_FAIL"
    },
    {
      "id": "m_12",
      "status": "SKIPPED_SOURCE_FAIL"
    },
    {
      "id": "m_12",
      "status": "SKIPPED_SOURCE_FAIL"
    },
    {
      "id": "m_13",
      "status": "SKIPPED_SOURCE_FAIL"
    },
    {
      "id": "m_13",
      "status": "SKIPPED_SOURCE_FAIL"
    }
  ]
}