{
  "task_id": "cf_85647",
  "source_check": {
    "passed": false,
    "error_type": "ASSERT_FAIL",
    "stats": {
      "run": 13,
      "failed": 3
    },
    "log_snippet": "ll last):\n  File \"/root/autodl-tmp/unitest/mut_cp/cf_85647/test_suite.py\", line 73, in test_unicode_symbols\n    self.assertTrue(check_symbols(\"\u00a1\u00bf\"))\nAssertionError: False is not true\n\n----------------------------------------------------------------------\nRan 13 tests in 0.001s\n\nFAILED (failures=3)\n\n"
  },
  "mutation_stats": {
    "killed": 0,
    "total": 2,
    "score": null
  },
  "mutants": [
    {
      "id": "m_4",
      "status": "SKIPPED_SOURCE_FAIL"
    },
    {
      "id": "m_13",
      "status": "SKIPPED_SOURCE_FAIL"
    }
  ]
}