[
  {
    "task_id": "cf_92678",
    "source_check": {
      "passed": false,
      "error_type": "CRASH",
      "stats": {
        "run": 0,
        "failed": 0
      },
      "log_snippet": "678/test_suite.py\", line 2\n    This function uses ANSI escape codes to print colored text. Note: The actual color output may vary based on your terminal settings.\n                                            ^^^^^^^^^^^^^\nSyntaxError: Missing parentheses in call to 'print'. Did you mean print(...)?\n\n"
    },
    "mutation_check": {
      "killed": 0,
      "total": 26,
      "score": null
    }
  },
  {
    "task_id": "cf_22595",
    "source_check": {
      "passed": true,
      "error_type": "",
      "stats": {
        "run": 8,
        "failed": 0
      },
      "log_snippet": "........\n----------------------------------------------------------------------\nRan 8 tests in 0.000s\n\nOK\n\n"
    },
    "mutation_check": {
      "killed": 7,
      "total": 7,
      "score": 100.0
    }
  },
  {
    "task_id": "cf_49354",
    "source_check": {
      "passed": true,
      "error_type": "",
      "stats": {
        "run": 6,
        "failed": 0
      },
      "log_snippet": "......\n----------------------------------------------------------------------\nRan 6 tests in 0.000s\n\nOK\n\n"
    },
    "mutation_check": {
      "killed": 10,
      "total": 12,
      "score": 83.33333333333334
    }
  },
  {
    "task_id": "cf_49546",
    "source_check": {
      "passed": true,
      "error_type": "",
      "stats": {
        "run": 0,
        "failed": 0
      },
      "log_snippet": ".\n----------------------------------------------------------------------\nRan 1 test in 0.000s\n\nOK\n\n"
    },
    "mutation_check": {
      "killed": 10,
      "total": 11,
      "score": 90.9090909090909
    }
  },
  {
    "task_id": "cf_20435",
    "source_check": {
      "passed": false,
      "error_type": "ASSERT_FAIL",
      "stats": {
        "run": 7,
        "failed": 2
      },
      "log_snippet": "cado\"]), \"odacova|egnaro|elppA\")  # Modified output\nAssertionError: 'odacovA|egnaro|elppA' != 'odacova|egnaro|elppA'\n- odacovA|egnaro|elppA\n?       ^\n+ odacova|egnaro|elppA\n?       ^\n\n\n----------------------------------------------------------------------\nRan 7 tests in 0.001s\n\nFAILED (failures=2)\n\n"
    },
    "mutation_check": {
      "killed": 0,
      "total": 24,
      "score": null
    }
  },
  {
    "task_id": "cf_59642",
    "source_check": {
      "passed": false,
      "error_type": "ASSERT_FAIL",
      "stats": {
        "run": 7,
        "failed": 3
      },
      "log_snippet": "/autodl-tmp/unitest/mut_cp/cf_59642/test_suite.py\", line 16, in test_multiple_occurrences\n    self.assertEqual(find_indices_and_average(2, [1, 2, 2, 3, 2]), 2)\nAssertionError: -1 != 2\n\n----------------------------------------------------------------------\nRan 7 tests in 0.000s\n\nFAILED (failures=3)\n\n"
    },
    "mutation_check": {
      "killed": 0,
      "total": 18,
      "score": null
    }
  },
  {
    "task_id": "cf_78005",
    "source_check": {
      "passed": false,
      "error_type": "ASSERT_FAIL",
      "stats": {
        "run": 6,
        "failed": 1
      },
      "log_snippet": " \"/root/autodl-tmp/unitest/mut_cp/cf_78005/test_suite.py\", line 53, in test_negative_people\n    with self.assertRaises(ZeroDivisionError):\nAssertionError: ZeroDivisionError not raised\n\n----------------------------------------------------------------------\nRan 6 tests in 0.000s\n\nFAILED (failures=1)\n\n"
    },
    "mutation_check": {
      "killed": 0,
      "total": 5,
      "score": null
    }
  },
  {
    "task_id": "cf_40271",
    "source_check": {
      "passed": false,
      "error_type": "ASSERT_FAIL",
      "stats": {
        "run": 7,
        "failed": 3
      },
      "log_snippet": "t/autodl-tmp/unitest/mut_cp/cf_40271/test_suite.py\", line 12, in test_reach_target_with_multiple_steps\n    self.assertEqual(count_solutions(0, 4, {1, 2, 3}), 4)\nAssertionError: 7 != 4\n\n----------------------------------------------------------------------\nRan 7 tests in 0.000s\n\nFAILED (failures=3)\n\n"
    },
    "mutation_check": {
      "killed": 0,
      "total": 54,
      "score": null
    }
  },
  {
    "task_id": "cf_99991",
    "source_check": {
      "passed": false,
      "error_type": "CRASH",
      "stats": {
        "run": 0,
        "failed": 0
      },
      "log_snippet": "  File \"/root/autodl-tmp/unitest/mut_cp/cf_99991/test_suite.py\", line 2\n    This function uses regular expressions to replace the word with an empty string, ignoring case and special characters.\n         ^^^^^^^^\nSyntaxError: invalid syntax\n\n"
    },
    "mutation_check": {
      "killed": 0,
      "total": 2,
      "score": null
    }
  },
  {
    "task_id": "cf_92658",
    "source_check": {
      "passed": false,
      "error_type": "ASSERT_FAIL",
      "stats": {
        "run": 6,
        "failed": 6
      },
      "log_snippet": "f.create_linked_list([])\n  File \"/root/autodl-tmp/unitest/mut_cp/cf_92658/test_suite.py\", line 9, in create_linked_list\n    dummy = ListNode(0)\nNameError: name 'ListNode' is not defined\n\n----------------------------------------------------------------------\nRan 6 tests in 0.000s\n\nFAILED (errors=6)\n\n"
    },
    "mutation_check": {
      "killed": 0,
      "total": 11,
      "score": null
    }
  },
  {
    "task_id": "cf_723",
    "source_check": {
      "passed": false,
      "error_type": "CRASH",
      "stats": {
        "run": 0,
        "failed": 0
      },
      "log_snippet": "Traceback (most recent call last):\n  File \"/root/autodl-tmp/unitest/mut_cp/cf_723/test_suite.py\", line 5, in <module>\n    unittest.main()\nNameError: name 'unittest' is not defined\n\n"
    },
    "mutation_check": {
      "killed": 0,
      "total": 0,
      "score": null
    }
  },
  {
    "task_id": "cf_91228",
    "source_check": {
      "passed": false,
      "error_type": "ASSERT_FAIL",
      "stats": {
        "run": 6,
        "failed": 3
      },
      "log_snippet": "_vowels\n    self.assertEqual(format_sentence([\"bcdfg\", \"pqrst\", \"xyz\"]), \"bcdfg pqrst xyz\")\nAssertionError: 'bcdfg PQRST xyz' != 'bcdfg pqrst xyz'\n- bcdfg PQRST xyz\n+ bcdfg pqrst xyz\n\n\n----------------------------------------------------------------------\nRan 6 tests in 0.001s\n\nFAILED (failures=3)\n\n"
    },
    "mutation_check": {
      "killed": 0,
      "total": 15,
      "score": null
    }
  },
  {
    "task_id": "cf_39294",
    "source_check": {
      "passed": true,
      "error_type": "",
      "stats": {
        "run": 7,
        "failed": 0
      },
      "log_snippet": ".......\n----------------------------------------------------------------------\nRan 7 tests in 0.000s\n\nOK\n\n"
    },
    "mutation_check": {
      "killed": 15,
      "total": 15,
      "score": 100.0
    }
  },
  {
    "task_id": "cf_43443",
    "source_check": {
      "passed": false,
      "error_type": "ASSERT_FAIL",
      "stats": {
        "run": 6,
        "failed": 2
      },
      "log_snippet": "ified output\nAssertionError: Tuples differ: (2, 'hello', 0) != (2, 'hello', 1)\n\nFirst differing element 2:\n0\n1\n\n- (2, 'hello', 0)\n?              ^\n\n+ (2, 'hello', 1)\n?              ^\n\n\n----------------------------------------------------------------------\nRan 6 tests in 0.001s\n\nFAILED (failures=2)\n\n"
    },
    "mutation_check": {
      "killed": 0,
      "total": 10,
      "score": null
    }
  },
  {
    "task_id": "cf_9283",
    "source_check": {
      "passed": false,
      "error_type": "ASSERT_FAIL",
      "stats": {
        "run": 6,
        "failed": 1
      },
      "log_snippet": "18, 24, 30, 36] != [6, 12, 18, 24, 30]\n\nFirst list contains 1 additional elements.\nFirst extra element 5:\n36\n\n- [6, 12, 18, 24, 30, 36]\n?                   ----\n\n+ [6, 12, 18, 24, 30]\n\n----------------------------------------------------------------------\nRan 6 tests in 0.000s\n\nFAILED (failures=1)\n\n"
    },
    "mutation_check": {
      "killed": 0,
      "total": 23,
      "score": null
    }
  },
  {
    "task_id": "cf_97133",
    "source_check": {
      "passed": false,
      "error_type": "ASSERT_FAIL",
      "stats": {
        "run": 9,
        "failed": 3
      },
      "log_snippet": "  self.assertEqual(replace_from_index(\"hello world\", \"o\", \"x\", 4, []), \"hellx world\")\nAssertionError: 'hellx wxrld' != 'hellx world'\n- hellx wxrld\n?        ^\n+ hellx world\n?        ^\n\n\n----------------------------------------------------------------------\nRan 9 tests in 0.001s\n\nFAILED (failures=3)\n\n"
    },
    "mutation_check": {
      "killed": 0,
      "total": 9,
      "score": null
    }
  },
  {
    "task_id": "cf_100554",
    "source_check": {
      "passed": true,
      "error_type": "",
      "stats": {
        "run": 5,
        "failed": 0
      },
      "log_snippet": ".....\n----------------------------------------------------------------------\nRan 5 tests in 0.000s\n\nOK\n\n"
    },
    "mutation_check": {
      "killed": 33,
      "total": 37,
      "score": 89.1891891891892
    }
  },
  {
    "task_id": "cf_94616",
    "source_check": {
      "passed": false,
      "error_type": "ASSERT_FAIL",
      "stats": {
        "run": 8,
        "failed": 1
      },
      "log_snippet": "99[68834 chars]000)] != [(0, 9999)]\n\nFirst list contains 4999 additional elements.\nFirst extra element 1:\n(1, 9998)\n\nDiff is 83934 characters long. Set self.maxDiff to None to see it.\n\n----------------------------------------------------------------------\nRan 8 tests in 0.025s\n\nFAILED (failures=1)\n\n"
    },
    "mutation_check": {
      "killed": 0,
      "total": 39,
      "score": null
    }
  },
  {
    "task_id": "cf_99783",
    "source_check": {
      "passed": false,
      "error_type": "ASSERT_FAIL",
      "stats": {
        "run": 6,
        "failed": 2
      },
      "log_snippet": "ionError: 'Iway ovelay ogramming!pray' != 'Iway ovelay ogrammingpray!'\n- Iway ovelay ogramming!pray\n?                      -\n+ Iway ovelay ogrammingpray!\n?                          +\n\n\n----------------------------------------------------------------------\nRan 6 tests in 0.001s\n\nFAILED (failures=2)\n\n"
    },
    "mutation_check": {
      "killed": 0,
      "total": 24,
      "score": null
    }
  },
  {
    "task_id": "cf_80460",
    "source_check": {
      "passed": false,
      "error_type": "CRASH",
      "stats": {
        "run": 0,
        "failed": 0
      },
      "log_snippet": "Traceback (most recent call last):\n  File \"/root/autodl-tmp/unitest/mut_cp/cf_80460/test_suite.py\", line 5, in <module>\n    unittest.main()\nNameError: name 'unittest' is not defined\n\n"
    },
    "mutation_check": {
      "killed": 0,
      "total": 1,
      "score": null
    }
  },
  {
    "task_id": "cf_17710",
    "source_check": {
      "passed": false,
      "error_type": "CRASH",
      "stats": {
        "run": 0,
        "failed": 1
      },
      "log_snippet": ", 30)\n\nFirst differing element 1:\n25\n30\n\n- ({'apple': 10, 'orange': 15}, 25)\n?                               ^^\n\n+ ({'apple': 10, 'orange': 15}, 30)\n?                               ^^\n\n\n----------------------------------------------------------------------\nRan 1 test in 0.000s\n\nFAILED (failures=1)\n\n"
    },
    "mutation_check": {
      "killed": 0,
      "total": 7,
      "score": null
    }
  },
  {
    "task_id": "cf_73495",
    "source_check": {
      "passed": false,
      "error_type": "CRASH",
      "stats": {
        "run": 0,
        "failed": 0
      },
      "log_snippet": "  File \"/root/autodl-tmp/unitest/mut_cp/cf_73495/test_suite.py\", line 2\n    This test class will cover various scenarios to ensure the function works correctly.\n         ^^^^\nSyntaxError: invalid syntax\n\n"
    },
    "mutation_check": {
      "killed": 0,
      "total": 3,
      "score": null
    }
  },
  {
    "task_id": "cf_37464",
    "source_check": {
      "passed": false,
      "error_type": "ASSERT_FAIL",
      "stats": {
        "run": 5,
        "failed": 3
      },
      "log_snippet": "ite.py\", line 20, in test_valid_combination_x_y\n    self.assertIn(\"span extracted based on x and y\", str(result))\nAssertionError: 'span extracted based on x and y' not found in 'None'\n\n----------------------------------------------------------------------\nRan 5 tests in 0.000s\n\nFAILED (failures=3)\n\n"
    },
    "mutation_check": {
      "killed": 0,
      "total": 15,
      "score": null
    }
  },
  {
    "task_id": "cf_16691",
    "source_check": {
      "passed": false,
      "error_type": "ASSERT_FAIL",
      "stats": {
        "run": 5,
        "failed": 3
      },
      "log_snippet": "n    \"traveling\"\\n  ],\\n  \"education\": \"PhD\",\\n  \"friends\": [\\n    {\\n      \"name\": \"Sarah Brown\",\\n      \"age\": 26,\\n      \"email\": \"sarahbrown@example.com\"\\n    }\\n  ]\\n}'\n\n----------------------------------------------------------------------\nRan 5 tests in 0.001s\n\nFAILED (failures=1, errors=2)\n\n"
    },
    "mutation_check": {
      "killed": 0,
      "total": 38,
      "score": null
    }
  },
  {
    "task_id": "cf_12001",
    "source_check": {
      "passed": false,
      "error_type": "CRASH",
      "stats": {
        "run": 0,
        "failed": 0
      },
      "log_snippet": "l-tmp/unitest/mut_cp/cf_12001/test_suite.py\", line 2\n    This is an implementation of a simple expression evaluator with support for parentheses and exponentiation. It uses a stack-based approach to handle the order of operations correctly.\n               ^^^^^^^^^^^^^^\nSyntaxError: invalid syntax\n\n"
    },
    "mutation_check": {
      "killed": 0,
      "total": 119,
      "score": null
    }
  },
  {
    "task_id": "cf_73049",
    "source_check": {
      "passed": true,
      "error_type": "",
      "stats": {
        "run": 4,
        "failed": 0
      },
      "log_snippet": "....\n----------------------------------------------------------------------\nRan 4 tests in 0.000s\n\nOK\n\n"
    },
    "mutation_check": {
      "killed": 0,
      "total": 1,
      "score": 0.0
    }
  },
  {
    "task_id": "cf_40758",
    "source_check": {
      "passed": true,
      "error_type": "",
      "stats": {
        "run": 3,
        "failed": 0
      },
      "log_snippet": "...\n----------------------------------------------------------------------\nRan 3 tests in 0.000s\n\nOK\n\n"
    },
    "mutation_check": {
      "killed": 27,
      "total": 28,
      "score": 96.42857142857143
    }
  },
  {
    "task_id": "cf_60948",
    "source_check": {
      "passed": true,
      "error_type": "",
      "stats": {
        "run": 4,
        "failed": 0
      },
      "log_snippet": "....\n----------------------------------------------------------------------\nRan 4 tests in 0.000s\n\nOK\n\n"
    },
    "mutation_check": {
      "killed": 10,
      "total": 11,
      "score": 90.9090909090909
    }
  },
  {
    "task_id": "cf_64450",
    "source_check": {
      "passed": false,
      "error_type": "ASSERT_FAIL",
      "stats": {
        "run": 4,
        "failed": 2
      },
      "log_snippet": "\"/root/autodl-tmp/unitest/mut_cp/cf_64450/test_suite.py\", line 37, in test_multiple_keys\n    od['b']  # This should raise KeyError because 'b' is not in the dictionary yet\nKeyError: 'b'\n\n----------------------------------------------------------------------\nRan 4 tests in 0.000s\n\nFAILED (errors=2)\n\n"
    },
    "mutation_check": {
      "killed": 0,
      "total": 1,
      "score": null
    }
  },
  {
    "task_id": "cf_55761",
    "source_check": {
      "passed": false,
      "error_type": "ASSERT_FAIL",
      "stats": {
        "run": 6,
        "failed": 3
      },
      "log_snippet": "t contains the phrase 'even times'\nAssertionError: 'even times' not found in \"The string is not a palindrome: {'w': 2, 'a': 6, 's': 2, 'i': 2, 't': 2, 'c': 2, 'r': 2, 'o': 1, '?': 1}\"\n\n----------------------------------------------------------------------\nRan 6 tests in 0.001s\n\nFAILED (failures=3)\n\n"
    },
    "mutation_check": {
      "killed": 0,
      "total": 38,
      "score": null
    }
  },
  {
    "task_id": "cf_85647",
    "source_check": {
      "passed": false,
      "error_type": "ASSERT_FAIL",
      "stats": {
        "run": 13,
        "failed": 3
      },
      "log_snippet": "ll last):\n  File \"/root/autodl-tmp/unitest/mut_cp/cf_85647/test_suite.py\", line 73, in test_unicode_symbols\n    self.assertTrue(check_symbols(\"\u00a1\u00bf\"))\nAssertionError: False is not true\n\n----------------------------------------------------------------------\nRan 13 tests in 0.001s\n\nFAILED (failures=3)\n\n"
    },
    "mutation_check": {
      "killed": 0,
      "total": 2,
      "score": null
    }
  },
  {
    "task_id": "cf_4763",
    "source_check": {
      "passed": true,
      "error_type": "",
      "stats": {
        "run": 9,
        "failed": 0
      },
      "log_snippet": ".........\n----------------------------------------------------------------------\nRan 9 tests in 0.000s\n\nOK\n\n"
    },
    "mutation_check": {
      "killed": 31,
      "total": 31,
      "score": 100.0
    }
  },
  {
    "task_id": "cf_35612",
    "source_check": {
      "passed": false,
      "error_type": "ASSERT_FAIL",
      "stats": {
        "run": 7,
        "failed": 2
      },
      "log_snippet": "ch_repeated\n    self.assertEqual(reversePrefix(\"mississippi\", \"i\"), \"misssippi\")  # Modified output\nAssertionError: 'imssissippi' != 'misssippi'\n- imssissippi\n?  - --\n+ misssippi\n? +\n\n\n----------------------------------------------------------------------\nRan 7 tests in 0.001s\n\nFAILED (failures=2)\n\n"
    },
    "mutation_check": {
      "killed": 0,
      "total": 16,
      "score": null
    }
  },
  {
    "task_id": "cf_76914",
    "source_check": {
      "passed": true,
      "error_type": "",
      "stats": {
        "run": 0,
        "failed": 0
      },
      "log_snippet": " 3, 'b': 2, 'a': 2}\n{'@': 1, '!': 1, '#': 1}\n{'c': 1, 'b': 1, 'a': 1}\n{}\n{'@': 1, '!': 1, '#': 1}\n{'@': 1, '!': 1, '#': 1}\n{'b': 1, 'a': 1, '3': 1, '1': 1, '2': 1, 'c': 1}\n{'c': 3, 'b': 2, 'a': 2}\n{'@': 1, '!': 1, '#': 1}\n{'c': 1, 'b': 1, 'a': 1}\n{}\n{'@': 1, '!': 1, '#': 1}\n{'@': 1, '!': 1, '#': 1}\n"
    },
    "mutation_check": {
      "killed": 0,
      "total": 1,
      "score": 0.0
    }
  },
  {
    "task_id": "cf_13274",
    "source_check": {
      "passed": false,
      "error_type": "ASSERT_FAIL",
      "stats": {
        "run": 7,
        "failed": 1
      },
      "log_snippet": "  self.assertEqual(find_duplicates([-1, -2, -2, -3, -4, -4, -5]), [-2, -4])\nAssertionError: Lists differ: [-4, -2] != [-2, -4]\n\nFirst differing element 0:\n-4\n-2\n\n- [-4, -2]\n+ [-2, -4]\n\n----------------------------------------------------------------------\nRan 7 tests in 0.011s\n\nFAILED (failures=1)\n\n"
    },
    "mutation_check": {
      "killed": 0,
      "total": 2,
      "score": null
    }
  },
  {
    "task_id": "cf_18044",
    "source_check": {
      "passed": false,
      "error_type": "ASSERT_FAIL",
      "stats": {
        "run": 6,
        "failed": 4
      },
      "log_snippet": " last):\n  File \"/root/autodl-tmp/unitest/mut_cp/cf_18044/test_suite.py\", line 58, in test_knapsack_no_space\n    self.assertEqual(max_value, expected_max_value)\nAssertionError: 60 != 0\n\n----------------------------------------------------------------------\nRan 6 tests in 0.001s\n\nFAILED (failures=4)\n\n"
    },
    "mutation_check": {
      "killed": 0,
      "total": 112,
      "score": null
    }
  },
  {
    "task_id": "cf_91446",
    "source_check": {
      "passed": true,
      "error_type": "",
      "stats": {
        "run": 10,
        "failed": 0
      },
      "log_snippet": "..........\n----------------------------------------------------------------------\nRan 10 tests in 0.000s\n\nOK\n\n"
    },
    "mutation_check": {
      "killed": 0,
      "total": 0,
      "score": null
    }
  },
  {
    "task_id": "cf_26650",
    "source_check": {
      "passed": true,
      "error_type": "",
      "stats": {
        "run": 4,
        "failed": 0
      },
      "log_snippet": "....\n----------------------------------------------------------------------\nRan 4 tests in 0.000s\n\nOK\n\n"
    },
    "mutation_check": {
      "killed": 3,
      "total": 4,
      "score": 75.0
    }
  },
  {
    "task_id": "cf_102498",
    "source_check": {
      "passed": true,
      "error_type": "",
      "stats": {
        "run": 6,
        "failed": 0
      },
      "log_snippet": "......\n----------------------------------------------------------------------\nRan 6 tests in 0.000s\n\nOK\n\n"
    },
    "mutation_check": {
      "killed": 9,
      "total": 14,
      "score": 64.28571428571429
    }
  },
  {
    "task_id": "cf_1871",
    "source_check": {
      "passed": true,
      "error_type": "",
      "stats": {
        "run": 7,
        "failed": 0
      },
      "log_snippet": ".......\n----------------------------------------------------------------------\nRan 7 tests in 2.202s\n\nOK\n\n"
    },
    "mutation_check": {
      "killed": 75,
      "total": 80,
      "score": 93.75
    }
  },
  {
    "task_id": "cf_86440",
    "source_check": {
      "passed": false,
      "error_type": "ASSERT_FAIL",
      "stats": {
        "run": 7,
        "failed": 1
      },
      "log_snippet": "et but not the second:\n'baBA'\n'BAba'\n'bAaB'\n'bABa'\n'BabA'\n'aBAb'\n'abBA'\n'abAB'\n'AbBa'\n'BbAa'\n'baAB'\n'ABab'\n'AbaB'\n'aBbA'\n'bBaA'\n'BaAb'\n'ABba'\n'aABb'\n'bBAa'\n'AabB'\n'BAab'\n'aAbB'\n'BbaA'\n\n----------------------------------------------------------------------\nRan 7 tests in 0.000s\n\nFAILED (failures=1)\n\n"
    },
    "mutation_check": {
      "killed": 0,
      "total": 16,
      "score": null
    }
  },
  {
    "task_id": "cf_29779",
    "source_check": {
      "passed": false,
      "error_type": "ASSERT_FAIL",
      "stats": {
        "run": 5,
        "failed": 1
      },
      "log_snippet": "itest/mut_cp/cf_29779/solution.py\", line 20, in mutation_summary\n    highest_mutation_type = max(avg_mutation_rate, key=avg_mutation_rate.get)\nValueError: max() arg is an empty sequence\n\n----------------------------------------------------------------------\nRan 5 tests in 0.004s\n\nFAILED (errors=1)\n\n"
    },
    "mutation_check": {
      "killed": 0,
      "total": 5,
      "score": null
    }
  },
  {
    "task_id": "cf_25063",
    "source_check": {
      "passed": true,
      "error_type": "",
      "stats": {
        "run": 5,
        "failed": 0
      },
      "log_snippet": ".....\n----------------------------------------------------------------------\nRan 5 tests in 0.000s\n\nOK\n\n"
    },
    "mutation_check": {
      "killed": 16,
      "total": 16,
      "score": 100.0
    }
  },
  {
    "task_id": "cf_62131",
    "source_check": {
      "passed": false,
      "error_type": "CRASH",
      "stats": {
        "run": 0,
        "failed": 0
      },
      "log_snippet": "Traceback (most recent call last):\n  File \"/root/autodl-tmp/unitest/mut_cp/cf_62131/test_suite.py\", line 8, in <module>\n    self.assertEqual(complex_sum(test_valid_input), expected_output)\nNameError: name 'self' is not defined\n\n"
    },
    "mutation_check": {
      "killed": 0,
      "total": 23,
      "score": null
    }
  },
  {
    "task_id": "cf_23038",
    "source_check": {
      "passed": false,
      "error_type": "ASSERT_FAIL",
      "stats": {
        "run": 7,
        "failed": 1
      },
      "log_snippet": " is not in the range. 513 is not in the range. 515 is not in the range. 517 is not in the range. 519 is not in the range. 521 is not in the range. 523 is not in\nAssertionError: 4 != 3\n\n----------------------------------------------------------------------\nRan 7 tests in 0.000s\n\nFAILED (failures=1)\n\n"
    },
    "mutation_check": {
      "killed": 0,
      "total": 74,
      "score": null
    }
  },
  {
    "task_id": "cf_94051",
    "source_check": {
      "passed": false,
      "error_type": "CRASH",
      "stats": {
        "run": 0,
        "failed": 0
      },
      "log_snippet": "  File \"/root/autodl-tmp/unitest/mut_cp/cf_94051/test_suite.py\", line 2\n    This function should be efficient and handle various edge cases.\n         ^^^^^^^^\nSyntaxError: invalid syntax\n\n"
    },
    "mutation_check": {
      "killed": 0,
      "total": 14,
      "score": null
    }
  },
  {
    "task_id": "cf_72199",
    "source_check": {
      "passed": true,
      "error_type": "",
      "stats": {
        "run": 2,
        "failed": 0
      },
      "log_snippet": "..\n----------------------------------------------------------------------\nRan 2 tests in 0.000s\n\nOK\n\n"
    },
    "mutation_check": {
      "killed": 32,
      "total": 51,
      "score": 62.745098039215684
    }
  },
  {
    "task_id": "cf_11433",
    "source_check": {
      "passed": true,
      "error_type": "",
      "stats": {
        "run": 7,
        "failed": 0
      },
      "log_snippet": ".......\n----------------------------------------------------------------------\nRan 7 tests in 0.000s\n\nOK\n\n"
    },
    "mutation_check": {
      "killed": 11,
      "total": 14,
      "score": 78.57142857142857
    }
  },
  {
    "task_id": "cf_73885",
    "source_check": {
      "passed": false,
      "error_type": "ASSERT_FAIL",
      "stats": {
        "run": 7,
        "failed": 3
      },
      "log_snippet": "  File \"/root/autodl-tmp/unitest/mut_cp/cf_73885/test_suite.py\", line 14, in test_single_digit\n    self.assertEqual(result, (5, math.factorial(5)))\nNameError: name 'math' is not defined\n\n----------------------------------------------------------------------\nRan 7 tests in 0.000s\n\nFAILED (errors=3)\n\n"
    },
    "mutation_check": {
      "killed": 0,
      "total": 8,
      "score": null
    }
  },
  {
    "task_id": "cf_86894",
    "source_check": {
      "passed": true,
      "error_type": "",
      "stats": {
        "run": 8,
        "failed": 0
      },
      "log_snippet": "........\n----------------------------------------------------------------------\nRan 8 tests in 0.126s\n\nOK\n\n"
    },
    "mutation_check": {
      "killed": 10,
      "total": 17,
      "score": 58.82352941176471
    }
  },
  {
    "task_id": "cf_10651",
    "source_check": {
      "passed": false,
      "error_type": "ASSERT_FAIL",
      "stats": {
        "run": 7,
        "failed": 1
      },
      "log_snippet": "6, 77, 78, 79, 80, 81, 82, 83, 84, 85, 86, 87, 88, 89, 90, 91, 92, 93, 94, 95, 96, 97, 98, 99, 100]))  # This should fail due to length exceeding 100\nAssertionError: False is not true\n\n----------------------------------------------------------------------\nRan 7 tests in 0.000s\n\nFAILED (failures=1)\n\n"
    },
    "mutation_check": {
      "killed": 0,
      "total": 14,
      "score": null
    }
  },
  {
    "task_id": "cf_95106",
    "source_check": {
      "passed": true,
      "error_type": "",
      "stats": {
        "run": 7,
        "failed": 0
      },
      "log_snippet": ".......\n----------------------------------------------------------------------\nRan 7 tests in 0.000s\n\nOK\n\n"
    },
    "mutation_check": {
      "killed": 37,
      "total": 39,
      "score": 94.87179487179486
    }
  },
  {
    "task_id": "cf_2278",
    "source_check": {
      "passed": false,
      "error_type": "ASSERT_FAIL",
      "stats": {
        "run": 7,
        "failed": 7
      },
      "log_snippet": "cp/cf_2278/test_suite.py\", line 16, in test_two_primes\n    self.assertEqual(replace_second_smallest_prime([2, 3]), [2, 5])\nNameError: name 'replace_second_smallest_prime' is not defined\n\n----------------------------------------------------------------------\nRan 7 tests in 0.006s\n\nFAILED (errors=7)\n\n"
    },
    "mutation_check": {
      "killed": 0,
      "total": 45,
      "score": null
    }
  },
  {
    "task_id": "cf_93471",
    "source_check": {
      "passed": false,
      "error_type": "ASSERT_FAIL",
      "stats": {
        "run": 6,
        "failed": 4
      },
      "log_snippet": "ith_whitespace\n    self.assertEqual(reverse_string_ignore_whitespace(\" Hello World \"), \"dlrowolleh\")\nAssertionError: 'dlrow olleh' != 'dlrowolleh'\n- dlrow olleh\n?      -\n+ dlrowolleh\n\n\n----------------------------------------------------------------------\nRan 6 tests in 0.001s\n\nFAILED (failures=4)\n\n"
    },
    "mutation_check": {
      "killed": 0,
      "total": 5,
      "score": null
    }
  },
  {
    "task_id": "cf_47347",
    "source_check": {
      "passed": false,
      "error_type": "ASSERT_FAIL",
      "stats": {
        "run": 6,
        "failed": 1
      },
      "log_snippet": "otes'\")\nAssertionError: \"''Start and end with quotes''\" != \"'Start and end with quotes'\"\n- ''Start and end with quotes''\n? -                           -\n+ 'Start and end with quotes'\n\n\n----------------------------------------------------------------------\nRan 6 tests in 0.000s\n\nFAILED (failures=1)\n\n"
    },
    "mutation_check": {
      "killed": 0,
      "total": 3,
      "score": null
    }
  },
  {
    "task_id": "cf_72730",
    "source_check": {
      "passed": true,
      "error_type": "",
      "stats": {
        "run": 8,
        "failed": 0
      },
      "log_snippet": "........\n----------------------------------------------------------------------\nRan 8 tests in 0.000s\n\nOK\n\n"
    },
    "mutation_check": {
      "killed": 30,
      "total": 41,
      "score": 73.17073170731707
    }
  },
  {
    "task_id": "cf_86289",
    "source_check": {
      "passed": false,
      "error_type": "ASSERT_FAIL",
      "stats": {
        "run": 8,
        "failed": 3
      },
      "log_snippet": "er', 'lazy', 'dog']\n\nFirst differing element 1:\n'over'\n'brown'\n\n- ['quick', 'over', 'lazy', 'jumps', 'fox', 'dog', 'brown']\n+ ['quick', 'brown', 'fox', 'jumps', 'over', 'lazy', 'dog']\n\n----------------------------------------------------------------------\nRan 8 tests in 0.003s\n\nFAILED (failures=3)\n\n"
    },
    "mutation_check": {
      "killed": 0,
      "total": 41,
      "score": null
    }
  },
  {
    "task_id": "cf_2386",
    "source_check": {
      "passed": false,
      "error_type": "ASSERT_FAIL",
      "stats": {
        "run": 6,
        "failed": 6
      },
      "log_snippet": "t/autodl-tmp/unitest/mut_cp/cf_2386/test_suite.py\", line 28, in test_zero_and_one\n    result = process_prime_numbers([0, 1, 2, 3])\nNameError: name 'process_prime_numbers' is not defined\n\n----------------------------------------------------------------------\nRan 6 tests in 0.000s\n\nFAILED (errors=6)\n\n"
    },
    "mutation_check": {
      "killed": 0,
      "total": 34,
      "score": null
    }
  },
  {
    "task_id": "cf_9193",
    "source_check": {
      "passed": false,
      "error_type": "ASSERT_FAIL",
      "stats": {
        "run": 7,
        "failed": 1
      },
      "log_snippet": "ified output\nAssertionError: Lists differ: ['aaa', 'bbb', 'ccc'] != ['aaa']\n\nFirst list contains 2 additional elements.\nFirst extra element 1:\n'bbb'\n\n- ['aaa', 'bbb', 'ccc']\n+ ['aaa']\n\n----------------------------------------------------------------------\nRan 7 tests in 0.000s\n\nFAILED (failures=1)\n\n"
    },
    "mutation_check": {
      "killed": 0,
      "total": 17,
      "score": null
    }
  },
  {
    "task_id": "cf_99951",
    "source_check": {
      "passed": false,
      "error_type": "ASSERT_FAIL",
      "stats": {
        "run": 6,
        "failed": 4
      },
      "log_snippet": "ite.py\", line 79, in test_whitespace_input\n    with self.assertRaises(ValueError):\nAssertionError: ValueError not raised\n\n----------------------------------------------------------------------\nRan 6 tests in 0.001s\n\nFAILED (failures=4)\n\nInvalid octal number\nInvalid octal number\nInvalid octal number\n"
    },
    "mutation_check": {
      "killed": 0,
      "total": 17,
      "score": null
    }
  },
  {
    "task_id": "cf_67543",
    "source_check": {
      "passed": false,
      "error_type": "ASSERT_FAIL",
      "stats": {
        "run": 6,
        "failed": 1
      },
      "log_snippet": "der.'\n- EntitySet1 and EntitySet2 are in the same lexicographic order.\n?                                             -\n+ EntitySet1 and EntitySet2 are in the same leicographic order.\n\n\n----------------------------------------------------------------------\nRan 6 tests in 0.001s\n\nFAILED (failures=1)\n\n"
    },
    "mutation_check": {
      "killed": 0,
      "total": 9,
      "score": null
    }
  },
  {
    "task_id": "cf_60744",
    "source_check": {
      "passed": false,
      "error_type": "ASSERT_FAIL",
      "stats": {
        "run": 8,
        "failed": 2
      },
      "log_snippet": "suite.py\", line 83, in test_pattern_with_special_characters\n    self.assertEqual(unique_matches, expected_unique_matches)\nAssertionError: Items in the first set but not the second:\n''\n\n----------------------------------------------------------------------\nRan 8 tests in 0.001s\n\nFAILED (failures=2)\n\n"
    },
    "mutation_check": {
      "killed": 0,
      "total": 1,
      "score": null
    }
  },
  {
    "task_id": "cf_46622",
    "source_check": {
      "passed": false,
      "error_type": "ASSERT_FAIL",
      "stats": {
        "run": 3,
        "failed": 1
      },
      "log_snippet": "K, r, tau, X_tau)\n  File \"/root/autodl-tmp/unitest/mut_cp/cf_46622/solution.py\", line 27, in american_put_derivative\n    return -math.exp(-r * tau)\nNameError: name 'math' is not defined\n\n----------------------------------------------------------------------\nRan 3 tests in 0.000s\n\nFAILED (errors=1)\n\n"
    },
    "mutation_check": {
      "killed": 0,
      "total": 12,
      "score": null
    }
  },
  {
    "task_id": "cf_62596",
    "source_check": {
      "passed": true,
      "error_type": "",
      "stats": {
        "run": 5,
        "failed": 0
      },
      "log_snippet": ".....\n----------------------------------------------------------------------\nRan 5 tests in 0.000s\n\nOK\n\n"
    },
    "mutation_check": {
      "killed": 0,
      "total": 0,
      "score": null
    }
  },
  {
    "task_id": "cf_9687",
    "source_check": {
      "passed": true,
      "error_type": "",
      "stats": {
        "run": 8,
        "failed": 0
      },
      "log_snippet": "........\n----------------------------------------------------------------------\nRan 8 tests in 0.000s\n\nOK\n\n"
    },
    "mutation_check": {
      "killed": 48,
      "total": 54,
      "score": 88.88888888888889
    }
  },
  {
    "task_id": "cf_8955",
    "source_check": {
      "passed": true,
      "error_type": "",
      "stats": {
        "run": 6,
        "failed": 0
      },
      "log_snippet": "......\n----------------------------------------------------------------------\nRan 6 tests in 0.000s\n\nOK\n\n"
    },
    "mutation_check": {
      "killed": 20,
      "total": 21,
      "score": 95.23809523809523
    }
  },
  {
    "task_id": "cf_103352",
    "source_check": {
      "passed": false,
      "error_type": "ASSERT_FAIL",
      "stats": {
        "run": 6,
        "failed": 2
      },
      "log_snippet": ":\n  File \"/root/autodl-tmp/unitest/mut_cp/cf_103352/test_suite.py\", line 17, in test_multiple_digits\n    self.assertEqual(count_digit_occurrences(10, 15, 1), 2)\nAssertionError: 7 != 2\n\n----------------------------------------------------------------------\nRan 6 tests in 0.000s\n\nFAILED (failures=2)\n\n"
    },
    "mutation_check": {
      "killed": 0,
      "total": 10,
      "score": null
    }
  },
  {
    "task_id": "cf_35004",
    "source_check": {
      "passed": true,
      "error_type": "",
      "stats": {
        "run": 7,
        "failed": 0
      },
      "log_snippet": ".......\n----------------------------------------------------------------------\nRan 7 tests in 0.000s\n\nOK\n\n"
    },
    "mutation_check": {
      "killed": 11,
      "total": 11,
      "score": 100.0
    }
  },
  {
    "task_id": "cf_62769",
    "source_check": {
      "passed": false,
      "error_type": "CRASH",
      "stats": {
        "run": 0,
        "failed": 0
      },
      "log_snippet": "es while avoiding infinite loops due to circular references. It preserves the order of elements and does not use built-in functions like `str.replace()` or `list.remove()` directly. Instead, it relies on recursion and manual handling of each data type.\n         ^^^^^^^^\nSyntaxError: invalid syntax\n\n"
    },
    "mutation_check": {
      "killed": 0,
      "total": 7,
      "score": null
    }
  },
  {
    "task_id": "cf_46322",
    "source_check": {
      "passed": false,
      "error_type": "CRASH",
      "stats": {
        "run": 0,
        "failed": 0
      },
      "log_snippet": "ism to ensure the correctness of the prime generation algorithm. The validation uses a helper function `is_prime` to verify each prime number generated by the main loop. The function also measures the time taken to execute the prime generation process.\n         ^^^^^^^^\nSyntaxError: invalid syntax\n\n"
    },
    "mutation_check": {
      "killed": 0,
      "total": 126,
      "score": null
    }
  },
  {
    "task_id": "cf_62678",
    "source_check": {
      "passed": false,
      "error_type": "ASSERT_FAIL",
      "stats": {
        "run": 7,
        "failed": 6
      },
      "log_snippet": "ecent call last):\n  File \"/root/autodl-tmp/unitest/mut_cp/cf_62678/test_suite.py\", line 24, in test_negative_values\n    self.assertEqual(findMaxPath(mat), -4)\nAssertionError: -1 != -4\n\n----------------------------------------------------------------------\nRan 7 tests in 0.001s\n\nFAILED (failures=6)\n\n"
    },
    "mutation_check": {
      "killed": 0,
      "total": 70,
      "score": null
    }
  },
  {
    "task_id": "cf_62425",
    "source_check": {
      "passed": false,
      "error_type": "ASSERT_FAIL",
      "stats": {
        "run": 7,
        "failed": 2
      },
      "log_snippet": "{' ': 4, 'A': 1, 'B': 1, 'C': 1},\n?                          ^\n\n-  'transformed_sequence': '  A  B  C  '}\n?                            -  -  - -\n\n+  'transformed_sequence': ' A B C '}\n\n----------------------------------------------------------------------\nRan 7 tests in 0.001s\n\nFAILED (failures=2)\n\n"
    },
    "mutation_check": {
      "killed": 0,
      "total": 26,
      "score": null
    }
  },
  {
    "task_id": "cf_47350",
    "source_check": {
      "passed": false,
      "error_type": "ASSERT_FAIL",
      "stats": {
        "run": 3,
        "failed": 2
      },
      "log_snippet": "\"/root/autodl-tmp/unitest/mut_cp/cf_47350/test_suite.py\", line 50, in test_calculate_sum\n    self.assertEqual(calculate_sum([10, 20]), 30)\nNameError: name 'calculate_sum' is not defined\n\n----------------------------------------------------------------------\nRan 3 tests in 0.000s\n\nFAILED (errors=2)\n\n"
    },
    "mutation_check": {
      "killed": 0,
      "total": 41,
      "score": null
    }
  },
  {
    "task_id": "cf_23332",
    "source_check": {
      "passed": false,
      "error_type": "ASSERT_FAIL",
      "stats": {
        "run": 5,
        "failed": 1
      },
      "log_snippet": "ot/autodl-tmp/unitest/mut_cp/cf_23332/test_suite.py\", line 38, in test_fibonacci_negative\n    with self.assertRaises(SystemExit):\nAssertionError: SystemExit not raised\n\n----------------------------------------------------------------------\nRan 5 tests in 0.000s\n\nFAILED (failures=1)\n\nIncorrect input\n"
    },
    "mutation_check": {
      "killed": 0,
      "total": 37,
      "score": null
    }
  },
  {
    "task_id": "cf_25977",
    "source_check": {
      "passed": true,
      "error_type": "",
      "stats": {
        "run": 6,
        "failed": 0
      },
      "log_snippet": "......\n----------------------------------------------------------------------\nRan 6 tests in 0.000s\n\nOK\n\n"
    },
    "mutation_check": {
      "killed": 6,
      "total": 7,
      "score": 85.71428571428571
    }
  },
  {
    "task_id": "cf_46929",
    "source_check": {
      "passed": true,
      "error_type": "",
      "stats": {
        "run": 4,
        "failed": 0
      },
      "log_snippet": "....\n----------------------------------------------------------------------\nRan 4 tests in 0.000s\n\nOK\n\n"
    },
    "mutation_check": {
      "killed": 0,
      "total": 1,
      "score": 0.0
    }
  },
  {
    "task_id": "cf_30532",
    "source_check": {
      "passed": false,
      "error_type": "ASSERT_FAIL",
      "stats": {
        "run": 6,
        "failed": 2
      },
      "log_snippet": "oot/autodl-tmp/unitest/mut_cp/cf_30532/test_suite.py\", line 48, in test_impossible_path\n    self.assertFalse(navigate_grid(grid, start, destination))\nAssertionError: True is not false\n\n----------------------------------------------------------------------\nRan 6 tests in 0.000s\n\nFAILED (failures=2)\n\n"
    },
    "mutation_check": {
      "killed": 0,
      "total": 76,
      "score": null
    }
  },
  {
    "task_id": "cf_40001",
    "source_check": {
      "passed": true,
      "error_type": "",
      "stats": {
        "run": 5,
        "failed": 0
      },
      "log_snippet": ".....\n----------------------------------------------------------------------\nRan 5 tests in 0.000s\n\nOK\n\n"
    },
    "mutation_check": {
      "killed": 16,
      "total": 17,
      "score": 94.11764705882352
    }
  },
  {
    "task_id": "cf_57582",
    "source_check": {
      "passed": true,
      "error_type": "",
      "stats": {
        "run": 0,
        "failed": 0
      },
      "log_snippet": ".\n----------------------------------------------------------------------\nRan 1 test in 0.000s\n\nOK\n\n"
    },
    "mutation_check": {
      "killed": 67,
      "total": 83,
      "score": 80.72289156626506
    }
  },
  {
    "task_id": "cf_102926",
    "source_check": {
      "passed": false,
      "error_type": "ASSERT_FAIL",
      "stats": {
        "run": 6,
        "failed": 1
      },
      "log_snippet": " Lists differ: [7, 8, 5, 9] != [7, 8, 9]\n\nFirst differing element 2:\n5\n9\n\nFirst list contains 1 additional elements.\nFirst extra element 3:\n9\n\n- [7, 8, 5, 9]\n?        ---\n\n+ [7, 8, 9]\n\n----------------------------------------------------------------------\nRan 6 tests in 0.000s\n\nFAILED (failures=1)\n\n"
    },
    "mutation_check": {
      "killed": 0,
      "total": 19,
      "score": null
    }
  },
  {
    "task_id": "cf_82992",
    "source_check": {
      "passed": true,
      "error_type": "",
      "stats": {
        "run": 6,
        "failed": 0
      },
      "log_snippet": "......\n----------------------------------------------------------------------\nRan 6 tests in 0.001s\n\nOK\n\n"
    },
    "mutation_check": {
      "killed": 2,
      "total": 9,
      "score": 22.22222222222222
    }
  },
  {
    "task_id": "cf_90391",
    "source_check": {
      "passed": true,
      "error_type": "",
      "stats": {
        "run": 7,
        "failed": 0
      },
      "log_snippet": ".......\n----------------------------------------------------------------------\nRan 7 tests in 0.000s\n\nOK\n\n"
    },
    "mutation_check": {
      "killed": 13,
      "total": 14,
      "score": 92.85714285714286
    }
  },
  {
    "task_id": "cf_72284",
    "source_check": {
      "passed": false,
      "error_type": "ASSERT_FAIL",
      "stats": {
        "run": 9,
        "failed": 3
      },
      "log_snippet": "d output\nAssertionError: Tuples differ: (3, [(0, 1), (2, 3), (4, 5)]) != (2, [(0, 2), (1, 3)])\n\nFirst differing element 0:\n3\n2\n\n- (3, [(0, 1), (2, 3), (4, 5)])\n+ (2, [(0, 2), (1, 3)])\n\n----------------------------------------------------------------------\nRan 9 tests in 0.001s\n\nFAILED (failures=3)\n\n"
    },
    "mutation_check": {
      "killed": 0,
      "total": 5,
      "score": null
    }
  },
  {
    "task_id": "cf_37260",
    "source_check": {
      "passed": true,
      "error_type": "",
      "stats": {
        "run": 8,
        "failed": 0
      },
      "log_snippet": "........\n----------------------------------------------------------------------\nRan 8 tests in 0.000s\n\nOK\n\n"
    },
    "mutation_check": {
      "killed": 8,
      "total": 36,
      "score": 22.22222222222222
    }
  },
  {
    "task_id": "cf_65137",
    "source_check": {
      "passed": false,
      "error_type": "CRASH",
      "stats": {
        "run": 0,
        "failed": 0
      },
      "log_snippet": "Traceback (most recent call last):\n  File \"/root/autodl-tmp/unitest/mut_cp/cf_65137/test_suite.py\", line 5, in <module>\n    unittest.main()\nNameError: name 'unittest' is not defined\n\n"
    },
    "mutation_check": {
      "killed": 0,
      "total": 10,
      "score": null
    }
  },
  {
    "task_id": "cf_91571",
    "source_check": {
      "passed": true,
      "error_type": "",
      "stats": {
        "run": 7,
        "failed": 0
      },
      "log_snippet": ".......\n----------------------------------------------------------------------\nRan 7 tests in 0.012s\n\nOK\n\n"
    },
    "mutation_check": {
      "killed": 12,
      "total": 12,
      "score": 100.0
    }
  },
  {
    "task_id": "cf_98423",
    "source_check": {
      "passed": false,
      "error_type": "ASSERT_FAIL",
      "stats": {
        "run": 5,
        "failed": 3
      },
      "log_snippet": "ot/autodl-tmp/unitest/mut_cp/cf_98423/test_suite.py\", line 31, in test_radius_one\n    self.assertTrue(check_constraint((5, 5), self.board, radius=1))\nAssertionError: False is not true\n\n----------------------------------------------------------------------\nRan 5 tests in 0.000s\n\nFAILED (failures=3)\n\n"
    },
    "mutation_check": {
      "killed": 0,
      "total": 54,
      "score": null
    }
  },
  {
    "task_id": "cf_87250",
    "source_check": {
      "passed": false,
      "error_type": "ASSERT_FAIL",
      "stats": {
        "run": 5,
        "failed": 2
      },
      "log_snippet": "test_invalid_input_types\n    self.assertEqual(rgb_to_hex(True), \"Invalid input type\") # Modified here\nAssertionError: '#010101' != 'Invalid input type'\n- #010101\n+ Invalid input type\n\n\n----------------------------------------------------------------------\nRan 5 tests in 0.001s\n\nFAILED (failures=2)\n\n"
    },
    "mutation_check": {
      "killed": 0,
      "total": 120,
      "score": null
    }
  },
  {
    "task_id": "cf_49521",
    "source_check": {
      "passed": true,
      "error_type": "",
      "stats": {
        "run": 8,
        "failed": 0
      },
      "log_snippet": "........\n----------------------------------------------------------------------\nRan 8 tests in 0.000s\n\nOK\n\n"
    },
    "mutation_check": {
      "killed": 54,
      "total": 80,
      "score": 67.5
    }
  },
  {
    "task_id": "cf_23137",
    "source_check": {
      "passed": false,
      "error_type": "ASSERT_FAIL",
      "stats": {
        "run": 7,
        "failed": 2
      },
      "log_snippet": "/mut_cp/cf_23137/test_suite.py\", line 43, in test_dataframe_with_nan_values\n    self.assertTrue(np.array_equal(pandas_to_numpy(df), expected_output))\nAssertionError: False is not true\n\n----------------------------------------------------------------------\nRan 7 tests in 0.003s\n\nFAILED (failures=2)\n\n"
    },
    "mutation_check": {
      "killed": 0,
      "total": 0,
      "score": null
    }
  },
  {
    "task_id": "cf_51954",
    "source_check": {
      "passed": true,
      "error_type": "",
      "stats": {
        "run": 0,
        "failed": 0
      },
      "log_snippet": ": 2.5, 'b': 2.5, 'd': 2.5}}\n{'c': {'a': 2, 'd': 2, 'b': 2.5}}\n{'c': {'a': 2, 'd': 2, 'b': 2.5}}\n{'c': {'a': 2, 'd': 2, 'b': 2.5}}\n{'c': {'a': 2, 'd': 2, 'b': 2.5}}\n{'c': {'a': 2, 'd': 2, 'b': 2.5}}\n{'c': {'a': 2, 'd': 2, 'b': 2.5}}\n{'c': {'a': 2, 'd': 2, 'b': 2.5}}\n{'c': {'a': 2, 'd': 2, 'b': 2.5}}\n"
    },
    "mutation_check": {
      "killed": 3,
      "total": 8,
      "score": 37.5
    }
  },
  {
    "task_id": "cf_6132",
    "source_check": {
      "passed": false,
      "error_type": "ASSERT_FAIL",
      "stats": {
        "run": 6,
        "failed": 1
      },
      "log_snippet": "cent call last):\n  File \"/root/autodl-tmp/unitest/mut_cp/cf_6132/test_suite.py\", line 15, in test_equal_numbers\n    self.assertEqual(compare_numbers(10, 10), 0)\nAssertionError: 1 != 0\n\n----------------------------------------------------------------------\nRan 6 tests in 0.000s\n\nFAILED (failures=1)\n\n"
    },
    "mutation_check": {
      "killed": 0,
      "total": 41,
      "score": null
    }
  },
  {
    "task_id": "cf_14033",
    "source_check": {
      "passed": true,
      "error_type": "",
      "stats": {
        "run": 7,
        "failed": 0
      },
      "log_snippet": ".......\n----------------------------------------------------------------------\nRan 7 tests in 0.000s\n\nOK\n\n"
    },
    "mutation_check": {
      "killed": 3,
      "total": 3,
      "score": 100.0
    }
  },
  {
    "task_id": "cf_92221",
    "source_check": {
      "passed": false,
      "error_type": "CRASH",
      "stats": {
        "run": 0,
        "failed": 0
      },
      "log_snippet": "  File \"/root/autodl-tmp/unitest/mut_cp/cf_92221/test_suite.py\", line 2\n    This function uses Floyd's Tortoise and Hare algorithm to detect cycles in O(n) time complexity without using extra space.\n                            ^\nSyntaxError: unterminated string literal (detected at line 2)\n\n"
    },
    "mutation_check": {
      "killed": 0,
      "total": 13,
      "score": null
    }
  },
  {
    "task_id": "cf_91745",
    "source_check": {
      "passed": false,
      "error_type": "ASSERT_FAIL",
      "stats": {
        "run": 12,
        "failed": 2
      },
      "log_snippet": " in test_keywords_with_punctuation\n    self.assertEqual(filter_keywords(\"Hello, World!\", [\"Hello,\", \"World!\"]), \", !\")\nAssertionError: 'Hello, World!' != ', !'\n- Hello, World!\n+ , !\n\n\n----------------------------------------------------------------------\nRan 12 tests in 0.001s\n\nFAILED (failures=2)\n\n"
    },
    "mutation_check": {
      "killed": 0,
      "total": 7,
      "score": null
    }
  },
  {
    "task_id": "cf_53609",
    "source_check": {
      "passed": true,
      "error_type": "",
      "stats": {
        "run": 5,
        "failed": 0
      },
      "log_snippet": ".....\n----------------------------------------------------------------------\nRan 5 tests in 0.000s\n\nOK\n\n"
    },
    "mutation_check": {
      "killed": 16,
      "total": 16,
      "score": 100.0
    }
  },
  {
    "task_id": "cf_22449",
    "source_check": {
      "passed": false,
      "error_type": "ASSERT_FAIL",
      "stats": {
        "run": 7,
        "failed": 1
      },
      "log_snippet": "nitest/mut_cp/cf_22449/test_suite.py\", line 24, in test_punctuation_marks\n    self.assertEqual(replace_vowels(\"a,e.i:o.u!\"), \"_\")\nAssertionError: '_,_._:_._!' != '_'\n- _,_._:_._!\n+ _\n\n\n----------------------------------------------------------------------\nRan 7 tests in 0.000s\n\nFAILED (failures=1)\n\n"
    },
    "mutation_check": {
      "killed": 0,
      "total": 18,
      "score": null
    }
  },
  {
    "task_id": "cf_61717",
    "source_check": {
      "passed": true,
      "error_type": "",
      "stats": {
        "run": 4,
        "failed": 0
      },
      "log_snippet": "....\n----------------------------------------------------------------------\nRan 4 tests in 0.000s\n\nOK\n\n"
    },
    "mutation_check": {
      "killed": 44,
      "total": 55,
      "score": 80.0
    }
  },
  {
    "task_id": "cf_85260",
    "source_check": {
      "passed": false,
      "error_type": "CRASH",
      "stats": {
        "run": 0,
        "failed": 0
      },
      "log_snippet": "mum number of times the substring `s2` can be repeated within the string `s1`, considering the constraint on the number of repetitions `n1`. The test cases below cover various scenarios to ensure the function works correctly under different conditions.\n         ^^^^^^^^\nSyntaxError: invalid syntax\n\n"
    },
    "mutation_check": {
      "killed": 0,
      "total": 141,
      "score": null
    }
  },
  {
    "task_id": "cf_102005",
    "source_check": {
      "passed": false,
      "error_type": "ASSERT_FAIL",
      "stats": {
        "run": 6,
        "failed": 6
      },
      "log_snippet": "File \"/root/autodl-tmp/unitest/mut_cp/cf_102005/test_suite.py\", line 44, in test_single_element_list\n    self.assertEqual(sum_primes([2]), 2)\nNameError: name 'sum_primes' is not defined\n\n----------------------------------------------------------------------\nRan 6 tests in 0.000s\n\nFAILED (errors=6)\n\n"
    },
    "mutation_check": {
      "killed": 0,
      "total": 34,
      "score": null
    }
  }
]