{
  "task_id": "cf_60744",
  "source_check": {
    "passed": false,
    "error_type": "ASSERT_FAIL",
    "stats": {
      "run": 8,
      "failed": 2
    },
    "log_snippet": "suite.py\", line 83, in test_pattern_with_special_characters\n    self.assertEqual(unique_matches, expected_unique_matches)\nAssertionError: Items in the first set but not the second:\n''\n\n----------------------------------------------------------------------\nRan 8 tests in 0.001s\n\nFAILED (failures=2)\n\n"
  },
  "mutation_stats": {
    "killed": 0,
    "total": 1,
    "score": null
  },
  "mutants": [
    {
      "id": "m_4",
      "status": "SKIPPED_SOURCE_FAIL"
    }
  ]
}